[{"line":1,"elements":[{"start_timestamp":"2023-12-09T03:43:55.307Z","before":[{"result":{"error_message":"org.openqa.selenium.remote.NoSuchDriverException: Unable to obtain: Capabilities {browserName: chrome, goog:chromeOptions: {args: [--remote-allow-origins=*], extensions: []}}, error Command failed with code: 65, executed: [--browser, chrome, --output, json]\nerror sending request for url (https://googlechromelabs.github.io/chrome-for-testing/known-good-versions-with-downloads.json): error trying to connect: dns error: No such host is known. (os error 11001)\nBuild info: version: '4.12.1', revision: '8e34639b11'\nSystem info: os.name: 'Windows 11', os.arch: 'amd64', os.version: '10.0', java.version: '1.8.0_391'\nDriver info: driver.version: ChromeDriver\r\n\tat org.openqa.selenium.remote.service.DriverFinder.getPath(DriverFinder.java:25)\r\n\tat org.openqa.selenium.remote.service.DriverFinder.getPath(DriverFinder.java:13)\r\n\tat org.openqa.selenium.chrome.ChromeDriver.generateExecutor(ChromeDriver.java:99)\r\n\tat org.openqa.selenium.chrome.ChromeDriver.<init>(ChromeDriver.java:88)\r\n\tat org.openqa.selenium.chrome.ChromeDriver.<init>(ChromeDriver.java:83)\r\n\tat org.openqa.selenium.chrome.ChromeDriver.<init>(ChromeDriver.java:51)\r\n\tat com.omrbranch.base.BaseClass.browserLaunch(BaseClass.java:65)\r\n\tat com.omrbranch.stepdefinition.HooksClass.beforeScenario(HooksClass.java:14)\r\nCaused by: org.openqa.selenium.WebDriverException: Command failed with code: 65, executed: [--browser, chrome, --output, json]\nerror sending request for url (https://googlechromelabs.github.io/chrome-for-testing/known-good-versions-with-downloads.json): error trying to connect: dns error: No such host is known. (os error 11001)\nBuild info: version: '4.12.1', revision: '8e34639b11'\nSystem info: os.name: 'Windows 11', os.arch: 'amd64', os.version: '10.0', java.version: '1.8.0_391'\nDriver info: driver.version: ChromeDriver\r\n\tat org.openqa.selenium.manager.SeleniumManager.runCommand(SeleniumManager.java:144)\r\n\tat org.openqa.selenium.manager.SeleniumManager.getDriverPath(SeleniumManager.java:299)\r\n\tat org.openqa.selenium.remote.service.DriverFinder.getPath(DriverFinder.java:22)\r\n\tat org.openqa.selenium.remote.service.DriverFinder.getPath(DriverFinder.java:13)\r\n\tat org.openqa.selenium.chrome.ChromeDriver.generateExecutor(ChromeDriver.java:99)\r\n\tat org.openqa.selenium.chrome.ChromeDriver.<init>(ChromeDriver.java:88)\r\n\tat org.openqa.selenium.chrome.ChromeDriver.<init>(ChromeDriver.java:83)\r\n\tat org.openqa.selenium.chrome.ChromeDriver.<init>(ChromeDriver.java:51)\r\n\tat com.omrbranch.base.BaseClass.browserLaunch(BaseClass.java:65)\r\n\tat com.omrbranch.stepdefinition.HooksClass.beforeScenario(HooksClass.java:14)\r\n\tat sun.reflect.NativeMethodAccessorImpl.invoke0(Native Method)\r\n\tat sun.reflect.NativeMethodAccessorImpl.invoke(Unknown Source)\r\n\tat sun.reflect.DelegatingMethodAccessorImpl.invoke(Unknown Source)\r\n\tat java.lang.reflect.Method.invoke(Unknown Source)\r\n\tat io.cucumber.java.Invoker.doInvoke(Invoker.java:66)\r\n\tat io.cucumber.java.Invoker.invoke(Invoker.java:24)\r\n\tat io.cucumber.java.AbstractGlueDefinition.invokeMethod(AbstractGlueDefinition.java:47)\r\n\tat io.cucumber.java.JavaHookDefinition.execute(JavaHookDefinition.java:64)\r\n\tat io.cucumber.core.runner.CoreHookDefinition.execute(CoreHookDefinition.java:46)\r\n\tat io.cucumber.core.runner.HookDefinitionMatch.runStep(HookDefinitionMatch.java:21)\r\n\tat io.cucumber.core.runner.ExecutionMode$1.execute(ExecutionMode.java:10)\r\n\tat io.cucumber.core.runner.TestStep.executeStep(TestStep.java:84)\r\n\tat io.cucumber.core.runner.TestStep.run(TestStep.java:56)\r\n\tat io.cucumber.core.runner.TestCase.run(TestCase.java:78)\r\n\tat io.cucumber.core.runner.Runner.runPickle(Runner.java:75)\r\n\tat io.cucumber.junit.PickleRunners$WithStepDescriptions.lambda$run$1(PickleRunners.java:109)\r\n\tat io.cucumber.core.runtime.CucumberExecutionContext.lambda$runTestCase$5(CucumberExecutionContext.java:137)\r\n\tat io.cucumber.core.runtime.RethrowingThrowableCollector.executeAndThrow(RethrowingThrowableCollector.java:23)\r\n\tat io.cucumber.core.runtime.CucumberExecutionContext.runTestCase(CucumberExecutionContext.java:137)\r\n\tat io.cucumber.junit.PickleRunners$WithStepDescriptions.run(PickleRunners.java:106)\r\n\tat io.cucumber.junit.FeatureRunner.runChild(FeatureRunner.java:144)\r\n\tat io.cucumber.junit.FeatureRunner.runChild(FeatureRunner.java:28)\r\n\tat org.junit.runners.ParentRunner$4.run(ParentRunner.java:331)\r\n\tat org.junit.runners.ParentRunner$1.schedule(ParentRunner.java:79)\r\n\tat org.junit.runners.ParentRunner.runChildren(ParentRunner.java:329)\r\n\tat org.junit.runners.ParentRunner.access$100(ParentRunner.java:66)\r\n\tat org.junit.runners.ParentRunner$2.evaluate(ParentRunner.java:293)\r\n\tat org.junit.runners.ParentRunner$3.evaluate(ParentRunner.java:306)\r\n\tat org.junit.runners.ParentRunner.run(ParentRunner.java:413)\r\n\tat io.cucumber.junit.FeatureRunner.run(FeatureRunner.java:137)\r\n\tat io.cucumber.junit.Cucumber.runChild(Cucumber.java:196)\r\n\tat io.cucumber.junit.Cucumber.runChild(Cucumber.java:89)\r\n\tat org.junit.runners.ParentRunner$4.run(ParentRunner.java:331)\r\n\tat org.junit.runners.ParentRunner$1.schedule(ParentRunner.java:79)\r\n\tat org.junit.runners.ParentRunner.runChildren(ParentRunner.java:329)\r\n\tat org.junit.runners.ParentRunner.access$100(ParentRunner.java:66)\r\n\tat org.junit.runners.ParentRunner$2.evaluate(ParentRunner.java:293)\r\n\tat io.cucumber.core.runtime.CucumberExecutionContext.lambda$runFeatures$6(CucumberExecutionContext.java:148)\r\n\tat io.cucumber.core.runtime.CucumberExecutionContext.execute(CucumberExecutionContext.java:163)\r\n\tat io.cucumber.core.runtime.CucumberExecutionContext.runFeatures(CucumberExecutionContext.java:146)\r\n\tat io.cucumber.junit.Cucumber$StartAndFinishTestRun.evaluate(Cucumber.java:226)\r\n\tat org.junit.internal.runners.statements.RunAfters.evaluate(RunAfters.java:27)\r\n\tat org.junit.runners.ParentRunner$3.evaluate(ParentRunner.java:306)\r\n\tat org.junit.runners.ParentRunner.run(ParentRunner.java:413)\r\n\tat org.eclipse.jdt.internal.junit4.runner.JUnit4TestReference.run(JUnit4TestReference.java:86)\r\n\tat org.eclipse.jdt.internal.junit.runner.TestExecution.run(TestExecution.java:38)\r\n\tat org.eclipse.jdt.internal.junit.runner.RemoteTestRunner.runTests(RemoteTestRunner.java:538)\r\n\tat org.eclipse.jdt.internal.junit.runner.RemoteTestRunner.runTests(RemoteTestRunner.java:760)\r\n\tat org.eclipse.jdt.internal.junit.runner.RemoteTestRunner.run(RemoteTestRunner.java:460)\r\n\tat org.eclipse.jdt.internal.junit.runner.RemoteTestRunner.main(RemoteTestRunner.java:206)\r\n","duration":600000000,"status":"failed"},"match":{"location":"com.omrbranch.stepdefinition.HooksClass.beforeScenario()"}}],"line":11,"name":"Verifying login with valid credentials","description":"","id":"verifying-omr-branch-hotel-login-automation;verifying-login-with-valid-credentials;;2","after":[{"result":{"status":"passed"},"match":{"location":"com.omrbranch.stepdefinition.HooksClass.afterScenario()"}}],"type":"scenario","keyword":"Scenario Outline","steps":[{"result":{"status":"skipped"},"line":5,"name":"User is on the OMR Branch hotel page","match":{"location":"com.omrbranch.stepdefinition.TC1_LoginStep.user_is_on_the_omr_branch_hotel_page()"},"keyword":"Given "},{"result":{"status":"skipped"},"line":6,"name":"User login \"gvkanagaraj@gmail.com\",\"Gvkanak@92\"","match":{"arguments":[{"val":"\"gvkanagaraj@gmail.com\"","offset":11},{"val":"\"Gvkanak@92\"","offset":35}],"location":"com.omrbranch.stepdefinition.TC1_LoginStep.user_login(java.lang.String,java.lang.String)"},"keyword":"When "},{"result":{"status":"skipped"},"line":7,"name":"User should verify sucess message after login \"Welcome Kanagaraj\"","match":{"arguments":[{"val":"\"Welcome Kanagaraj\"","offset":46}],"location":"com.omrbranch.stepdefinition.TC1_LoginStep.user_should_verify_sucess_message_after_login(java.lang.String)"},"keyword":"Then "}],"tags":[{"name":"@Login"}]}],"name":"Verifying OMR Branch hotel Login Automation","description":"","id":"verifying-omr-branch-hotel-login-automation","keyword":"Feature","uri":"file:src/test/resources/Features/TC1_Login.feature","tags":[]},{"line":1,"elements":[{"start_timestamp":"2023-12-09T03:43:55.976Z","before":[{"result":{"error_message":"org.openqa.selenium.remote.NoSuchDriverException: Unable to obtain: Capabilities {browserName: chrome, goog:chromeOptions: {args: [--remote-allow-origins=*], extensions: []}}, error Command failed with code: 65, executed: [--browser, chrome, --output, json]\nerror sending request for url (https://googlechromelabs.github.io/chrome-for-testing/known-good-versions-with-downloads.json): error trying to connect: dns error: No such host is known. (os error 11001)\nBuild info: version: '4.12.1', revision: '8e34639b11'\nSystem info: os.name: 'Windows 11', os.arch: 'amd64', os.version: '10.0', java.version: '1.8.0_391'\nDriver info: driver.version: ChromeDriver\r\n\tat org.openqa.selenium.remote.service.DriverFinder.getPath(DriverFinder.java:25)\r\n\tat org.openqa.selenium.remote.service.DriverFinder.getPath(DriverFinder.java:13)\r\n\tat org.openqa.selenium.chrome.ChromeDriver.generateExecutor(ChromeDriver.java:99)\r\n\tat org.openqa.selenium.chrome.ChromeDriver.<init>(ChromeDriver.java:88)\r\n\tat org.openqa.selenium.chrome.ChromeDriver.<init>(ChromeDriver.java:83)\r\n\tat org.openqa.selenium.chrome.ChromeDriver.<init>(ChromeDriver.java:51)\r\n\tat com.omrbranch.base.BaseClass.browserLaunch(BaseClass.java:65)\r\n\tat com.omrbranch.stepdefinition.HooksClass.beforeScenario(HooksClass.java:14)\r\nCaused by: org.openqa.selenium.WebDriverException: Command failed with code: 65, executed: [--browser, chrome, --output, json]\nerror sending request for url (https://googlechromelabs.github.io/chrome-for-testing/known-good-versions-with-downloads.json): error trying to connect: dns error: No such host is known. (os error 11001)\nBuild info: version: '4.12.1', revision: '8e34639b11'\nSystem info: os.name: 'Windows 11', os.arch: 'amd64', os.version: '10.0', java.version: '1.8.0_391'\nDriver info: driver.version: ChromeDriver\r\n\tat org.openqa.selenium.manager.SeleniumManager.runCommand(SeleniumManager.java:144)\r\n\tat org.openqa.selenium.manager.SeleniumManager.getDriverPath(SeleniumManager.java:299)\r\n\tat org.openqa.selenium.remote.service.DriverFinder.getPath(DriverFinder.java:22)\r\n\tat org.openqa.selenium.remote.service.DriverFinder.getPath(DriverFinder.java:13)\r\n\tat org.openqa.selenium.chrome.ChromeDriver.generateExecutor(ChromeDriver.java:99)\r\n\tat org.openqa.selenium.chrome.ChromeDriver.<init>(ChromeDriver.java:88)\r\n\tat org.openqa.selenium.chrome.ChromeDriver.<init>(ChromeDriver.java:83)\r\n\tat org.openqa.selenium.chrome.ChromeDriver.<init>(ChromeDriver.java:51)\r\n\tat com.omrbranch.base.BaseClass.browserLaunch(BaseClass.java:65)\r\n\tat com.omrbranch.stepdefinition.HooksClass.beforeScenario(HooksClass.java:14)\r\n\tat sun.reflect.NativeMethodAccessorImpl.invoke0(Native Method)\r\n\tat sun.reflect.NativeMethodAccessorImpl.invoke(Unknown Source)\r\n\tat sun.reflect.DelegatingMethodAccessorImpl.invoke(Unknown Source)\r\n\tat java.lang.reflect.Method.invoke(Unknown Source)\r\n\tat io.cucumber.java.Invoker.doInvoke(Invoker.java:66)\r\n\tat io.cucumber.java.Invoker.invoke(Invoker.java:24)\r\n\tat io.cucumber.java.AbstractGlueDefinition.invokeMethod(AbstractGlueDefinition.java:47)\r\n\tat io.cucumber.java.JavaHookDefinition.execute(JavaHookDefinition.java:64)\r\n\tat io.cucumber.core.runner.CoreHookDefinition.execute(CoreHookDefinition.java:46)\r\n\tat io.cucumber.core.runner.HookDefinitionMatch.runStep(HookDefinitionMatch.java:21)\r\n\tat io.cucumber.core.runner.ExecutionMode$1.execute(ExecutionMode.java:10)\r\n\tat io.cucumber.core.runner.TestStep.executeStep(TestStep.java:84)\r\n\tat io.cucumber.core.runner.TestStep.run(TestStep.java:56)\r\n\tat io.cucumber.core.runner.TestCase.run(TestCase.java:78)\r\n\tat io.cucumber.core.runner.Runner.runPickle(Runner.java:75)\r\n\tat io.cucumber.junit.PickleRunners$WithStepDescriptions.lambda$run$1(PickleRunners.java:109)\r\n\tat io.cucumber.core.runtime.CucumberExecutionContext.lambda$runTestCase$5(CucumberExecutionContext.java:137)\r\n\tat io.cucumber.core.runtime.RethrowingThrowableCollector.executeAndThrow(RethrowingThrowableCollector.java:23)\r\n\tat io.cucumber.core.runtime.CucumberExecutionContext.runTestCase(CucumberExecutionContext.java:137)\r\n\tat io.cucumber.junit.PickleRunners$WithStepDescriptions.run(PickleRunners.java:106)\r\n\tat io.cucumber.junit.FeatureRunner.runChild(FeatureRunner.java:144)\r\n\tat io.cucumber.junit.FeatureRunner.runChild(FeatureRunner.java:28)\r\n\tat org.junit.runners.ParentRunner$4.run(ParentRunner.java:331)\r\n\tat org.junit.runners.ParentRunner$1.schedule(ParentRunner.java:79)\r\n\tat org.junit.runners.ParentRunner.runChildren(ParentRunner.java:329)\r\n\tat org.junit.runners.ParentRunner.access$100(ParentRunner.java:66)\r\n\tat org.junit.runners.ParentRunner$2.evaluate(ParentRunner.java:293)\r\n\tat org.junit.runners.ParentRunner$3.evaluate(ParentRunner.java:306)\r\n\tat org.junit.runners.ParentRunner.run(ParentRunner.java:413)\r\n\tat io.cucumber.junit.FeatureRunner.run(FeatureRunner.java:137)\r\n\tat io.cucumber.junit.Cucumber.runChild(Cucumber.java:196)\r\n\tat io.cucumber.junit.Cucumber.runChild(Cucumber.java:89)\r\n\tat org.junit.runners.ParentRunner$4.run(ParentRunner.java:331)\r\n\tat org.junit.runners.ParentRunner$1.schedule(ParentRunner.java:79)\r\n\tat org.junit.runners.ParentRunner.runChildren(ParentRunner.java:329)\r\n\tat org.junit.runners.ParentRunner.access$100(ParentRunner.java:66)\r\n\tat org.junit.runners.ParentRunner$2.evaluate(ParentRunner.java:293)\r\n\tat io.cucumber.core.runtime.CucumberExecutionContext.lambda$runFeatures$6(CucumberExecutionContext.java:148)\r\n\tat io.cucumber.core.runtime.CucumberExecutionContext.execute(CucumberExecutionContext.java:163)\r\n\tat io.cucumber.core.runtime.CucumberExecutionContext.runFeatures(CucumberExecutionContext.java:146)\r\n\tat io.cucumber.junit.Cucumber$StartAndFinishTestRun.evaluate(Cucumber.java:226)\r\n\tat org.junit.internal.runners.statements.RunAfters.evaluate(RunAfters.java:27)\r\n\tat org.junit.runners.ParentRunner$3.evaluate(ParentRunner.java:306)\r\n\tat org.junit.runners.ParentRunner.run(ParentRunner.java:413)\r\n\tat org.eclipse.jdt.internal.junit4.runner.JUnit4TestReference.run(JUnit4TestReference.java:86)\r\n\tat org.eclipse.jdt.internal.junit.runner.TestExecution.run(TestExecution.java:38)\r\n\tat org.eclipse.jdt.internal.junit.runner.RemoteTestRunner.runTests(RemoteTestRunner.java:538)\r\n\tat org.eclipse.jdt.internal.junit.runner.RemoteTestRunner.runTests(RemoteTestRunner.java:760)\r\n\tat org.eclipse.jdt.internal.junit.runner.RemoteTestRunner.run(RemoteTestRunner.java:460)\r\n\tat org.eclipse.jdt.internal.junit.runner.RemoteTestRunner.main(RemoteTestRunner.java:206)\r\n","duration":447000000,"status":"failed"},"match":{"location":"com.omrbranch.stepdefinition.HooksClass.beforeScenario()"}}],"line":27,"name":"Verifying Book hotel including GST_card(debit card_VISA) with special request","description":"","id":"verifying-omr-branch-book-hotel-details-automation;verifying-book-hotel-including-gst-card(debit-card-visa)-with-special-request;;2","after":[{"result":{"status":"passed"},"match":{"location":"com.omrbranch.stepdefinition.HooksClass.afterScenario()"}}],"type":"scenario","keyword":"Scenario Outline","steps":[{"result":{"status":"skipped"},"line":5,"name":"User is on the OMR Branch hotel page","match":{"location":"com.omrbranch.stepdefinition.TC1_LoginStep.user_is_on_the_omr_branch_hotel_page()"},"keyword":"Given "},{"result":{"status":"skipped"},"line":6,"name":"User login \"gvkanagaraj@gmail.com\",\"Gvkanak@92\" with Enter key","match":{"arguments":[{"val":"\"gvkanagaraj@gmail.com\"","offset":11},{"val":"\"Gvkanak@92\"","offset":35}],"location":"com.omrbranch.stepdefinition.TC1_LoginStep.user_login_with_enter_key(java.lang.String,java.lang.String)"},"keyword":"When "},{"result":{"status":"skipped"},"line":7,"name":"User should verify sucess message after login \"Welcome Kanagaraj\"","match":{"arguments":[{"val":"\"Welcome Kanagaraj\"","offset":46}],"location":"com.omrbranch.stepdefinition.TC1_LoginStep.user_should_verify_sucess_message_after_login(java.lang.String)"},"keyword":"Then "},{"result":{"status":"skipped"},"line":8,"name":"User enters the search details \"Tamil Nadu\",\"Chennai\",\"Deluxe\",\"2-Two\",\"1-One\" and \"2\"","match":{"arguments":[{"val":"\"Tamil Nadu\"","offset":31},{"val":"\"Chennai\"","offset":44},{"val":"\"Deluxe\"","offset":54},{"val":"\"2-Two\"","offset":63},{"val":"\"1-One\"","offset":71},{"val":"\"2\"","offset":83}],"location":"com.omrbranch.stepdefinition.TC2_ExploreHotelStep.user_enters_the_search_details_and(java.lang.String,java.lang.String,java.lang.String,java.lang.String,java.lang.String,java.lang.String)"},"keyword":"When "},{"result":{"status":"skipped"},"line":9,"name":"User should verify search hotel after success message \"Select Hotel\"","match":{"arguments":[{"val":"\"Select Hotel\"","offset":54}],"location":"com.omrbranch.stepdefinition.TC2_ExploreHotelStep.user_should_verify_search_hotel_after_success_message(java.lang.String)"},"keyword":"Then "},{"result":{"status":"skipped"},"line":10,"name":"User selects the first hotel name and save the name,price","match":{"location":"com.omrbranch.stepdefinition.TC3_SelectHotelStep.user_selects_the_first_hotel_name_and_save_the_name_price()"},"keyword":"When "},{"result":{"status":"skipped"},"line":11,"name":"User accepts the alert","match":{"location":"com.omrbranch.stepdefinition.TC3_SelectHotelStep.user_accepts_the_alert()"},"keyword":"Then "},{"result":{"status":"skipped"},"line":12,"name":"User should verify its success message after select hotel \"Book Hotel\"","match":{"arguments":[{"val":"\"Book Hotel\"","offset":58}],"location":"com.omrbranch.stepdefinition.TC3_SelectHotelStep.user_should_verify_its_success_message_after_select_hotel(java.lang.String)"},"keyword":"And "},{"result":{"duration":12000000,"status":"skipped"},"line":13,"name":"User add the guest details \"Mr.\",\"kanak\",\"raj\",\"9894982610\" and \"gvkanagaraj@gmail.com\"","match":{"arguments":[{"val":"\"Mr.\"","offset":27},{"val":"\"kanak\"","offset":33},{"val":"\"raj\"","offset":41},{"val":"\"9894982610\"","offset":47},{"val":"\"gvkanagaraj@gmail.com\"","offset":64}],"location":"com.omrbranch.stepdefinition.TC4_BookHotelPage.user_add_the_guest_details_and(java.lang.String,java.lang.String,java.lang.String,java.lang.String,java.lang.String)"},"keyword":"When "},{"result":{"status":"skipped"},"line":14,"name":"User add the GST details \"9043592058\",\"Greens Tech OMR Branch\" and \"Thoraipakkam\" and click Next","match":{"arguments":[{"val":"\"9043592058\"","offset":25},{"val":"\"Greens Tech OMR Branch\"","offset":38},{"val":"\"Thoraipakkam\"","offset":67}],"location":"com.omrbranch.stepdefinition.TC4_BookHotelPage.user_add_the_gst_details_and_and_click_next(java.lang.String,java.lang.String,java.lang.String)"},"keyword":"And "},{"result":{"status":"skipped"},"line":15,"name":"User add the special request \"Add bonfire\"","match":{"arguments":[{"val":"\"Add bonfire\"","offset":29}],"location":"com.omrbranch.stepdefinition.TC4_BookHotelPage.user_add_the_special_request(java.lang.String)"},"keyword":"And "},{"result":{"status":"skipped"},"line":16,"name":"User add the payment details,proceed with card type \"<Card Type>\"","match":{"arguments":[{"val":"\"<Card Type>\"","offset":52}],"location":"com.omrbranch.stepdefinition.TC4_BookHotelPage.user_add_the_payment_details_proceed_with_card_type(java.lang.String,io.cucumber.datatable.DataTable)"},"rows":[{"cells":["SelectCard","Card no","cardName","Month","year","CVV"]},{"cells":["Visa","5555555555552222","Mani","march","2024","123"]},{"cells":["Master Card","5555555555554444","Mani","march","2024","123"]},{"cells":["Amex","5555555555550000","Mani","march","2024","123"]},{"cells":["Discover","5555555555556666","Mani","march","2024","123"]}],"keyword":"And "},{"result":{"status":"skipped"},"line":22,"name":"User should verify after booking \"Booking is Confirmed\" and save the order id","match":{"arguments":[{"val":"\"Booking is Confirmed\"","offset":33}],"location":"com.omrbranch.stepdefinition.TC4_BookHotelPage.user_should_verify_after_booking_and_save_the_order_id(java.lang.String)"},"keyword":"Then "},{"result":{"status":"skipped"},"line":23,"name":"User should verify same selected Hotel is present","match":{"location":"com.omrbranch.stepdefinition.TC4_BookHotelPage.user_should_verify_same_selected_hotel_is_present()"},"keyword":"And "}],"tags":[{"name":"@Login"}]}],"name":"Verifying OMR Branch Book hotel Details Automation","description":"","id":"verifying-omr-branch-book-hotel-details-automation","keyword":"Feature","uri":"file:src/test/resources/Features/TC4_BookHotel.feature","tags":[]}]